[debug] [2017-11-04T21:37:17.310Z] ----------------------------------------------------------------------
[debug] [2017-11-04T21:37:17.313Z] Command:       C:\Program Files\nodejs\node.exe C:\Users\sedat\AppData\Roaming\npm\node_modules\firebase-tools\bin\firebase serve
[debug] [2017-11-04T21:37:17.313Z] CLI Version:   3.14.0
[debug] [2017-11-04T21:37:17.313Z] Platform:      win32
[debug] [2017-11-04T21:37:17.313Z] Node Version:  v6.11.0
[debug] [2017-11-04T21:37:17.314Z] Time:          Sun Nov 05 2017 00:37:17 GMT+0300 (Türkiye Standart Saati)
[debug] [2017-11-04T21:37:17.314Z] ----------------------------------------------------------------------
[debug] 
[debug] [2017-11-04T21:37:17.331Z] > command requires scopes: ["email","openid","https://www.googleapis.com/auth/cloudplatformprojects.readonly","https://www.googleapis.com/auth/firebase","https://www.googleapis.com/auth/cloud-platform"]
[debug] [2017-11-04T21:37:17.332Z] > authorizing via signed-in user
[debug] [2017-11-04T21:37:17.335Z] > refreshing access token with scopes: ["email","https://www.googleapis.com/auth/cloud-platform","https://www.googleapis.com/auth/cloudplatformprojects.readonly","https://www.googleapis.com/auth/firebase","openid"]
[debug] [2017-11-04T21:37:17.335Z] >>> HTTP REQUEST POST https://www.googleapis.com/oauth2/v3/token { refresh_token: '1/Zq5XxWJrYqTrmgEu-rg9m-jfUCQLLLeWibPod4GTfxA',
  client_id: '563584335869-fgrhgmd47bqnekij5i8b5pr03ho849e6.apps.googleusercontent.com',
  client_secret: 'j9iVZfS8kkCEFUPaAeJV0sAi',
  grant_type: 'refresh_token',
  scope: 'email https://www.googleapis.com/auth/cloud-platform https://www.googleapis.com/auth/cloudplatformprojects.readonly https://www.googleapis.com/auth/firebase openid' } 
 Sun Nov 05 2017 00:37:17 GMT+0300 (Türkiye Standart Saati)
[debug] [2017-11-04T21:37:17.662Z] <<< HTTP RESPONSE 200
[debug] [2017-11-04T21:37:17.726Z] >>> HTTP REQUEST GET https://admin.firebase.com/v1/projects/fordfiloyonetimi  
 Sun Nov 05 2017 00:37:17 GMT+0300 (Türkiye Standart Saati)
[debug] [2017-11-04T21:37:18.499Z] <<< HTTP RESPONSE 200
[debug] [2017-11-04T21:37:18.500Z] >>> HTTP REQUEST GET https://admin.firebase.com/v1/database/fordfiloyonetimi/tokens  
 Sun Nov 05 2017 00:37:18 GMT+0300 (Türkiye Standart Saati)
[debug] [2017-11-04T21:37:19.225Z] <<< HTTP RESPONSE 200
[info] 
[info] === Serving from 'C:\Users\sedat\fordfiloyonetimi'...
[info] 
[debug] [2017-11-04T21:37:19.231Z] >>> HTTP REQUEST GET https://cloudresourcemanager.googleapis.com/v1/projects/fordfiloyonetimi  
 Sun Nov 05 2017 00:37:19 GMT+0300 (Türkiye Standart Saati)
[debug] [2017-11-04T21:37:20.287Z] <<< HTTP RESPONSE 200
[debug] [2017-11-04T21:37:20.288Z] >>> HTTP REQUEST GET https://mobilesdk-pa.googleapis.com/v1/projects/909052961353/clients/_:getWebAppConfig  
 Sun Nov 05 2017 00:37:20 GMT+0300 (Türkiye Standart Saati)
[debug] [2017-11-04T21:37:20.988Z] <<< HTTP RESPONSE 200
[info] i  hosting: Serving hosting files from: public
[info] +  hosting: Local server: http://localhost:5000

